<?xml version="1.0" encoding="UTF-8"?>
<testsuite name="com.hackerground.crawlingnotiserver.CrawlingNotiServerApplicationTests" tests="1" skipped="0" failures="0" errors="0" timestamp="2023-06-21T16:45:20" hostname="ChanYeong.local" time="0.112">
  <properties/>
  <testcase name="contextLoads()" classname="com.hackerground.crawlingnotiserver.CrawlingNotiServerApplicationTests" time="0.112"/>
  <system-out><![CDATA[01:45:02.515 [Test worker] DEBUG org.springframework.test.context.BootstrapUtils - Instantiating CacheAwareContextLoaderDelegate from class [org.springframework.test.context.cache.DefaultCacheAwareContextLoaderDelegate]
01:45:02.520 [Test worker] DEBUG org.springframework.test.context.BootstrapUtils - Instantiating BootstrapContext using constructor [public org.springframework.test.context.support.DefaultBootstrapContext(java.lang.Class,org.springframework.test.context.CacheAwareContextLoaderDelegate)]
01:45:02.534 [Test worker] DEBUG org.springframework.test.context.BootstrapUtils - Instantiating TestContextBootstrapper for test class [com.hackerground.crawlingnotiserver.CrawlingNotiServerApplicationTests] from class [org.springframework.boot.test.context.SpringBootTestContextBootstrapper]
01:45:02.539 [Test worker] INFO org.springframework.boot.test.context.SpringBootTestContextBootstrapper - Neither @ContextConfiguration nor @ContextHierarchy found for test class [com.hackerground.crawlingnotiserver.CrawlingNotiServerApplicationTests], using SpringBootContextLoader
01:45:02.541 [Test worker] DEBUG org.springframework.test.context.support.AbstractContextLoader - Did not detect default resource location for test class [com.hackerground.crawlingnotiserver.CrawlingNotiServerApplicationTests]: class path resource [com/hackerground/crawlingnotiserver/CrawlingNotiServerApplicationTests-context.xml] does not exist
01:45:02.542 [Test worker] DEBUG org.springframework.test.context.support.AbstractContextLoader - Did not detect default resource location for test class [com.hackerground.crawlingnotiserver.CrawlingNotiServerApplicationTests]: class path resource [com/hackerground/crawlingnotiserver/CrawlingNotiServerApplicationTestsContext.groovy] does not exist
01:45:02.542 [Test worker] INFO org.springframework.test.context.support.AbstractContextLoader - Could not detect default resource locations for test class [com.hackerground.crawlingnotiserver.CrawlingNotiServerApplicationTests]: no resource found for suffixes {-context.xml, Context.groovy}.
01:45:02.542 [Test worker] INFO org.springframework.test.context.support.AnnotationConfigContextLoaderUtils - Could not detect default configuration classes for test class [com.hackerground.crawlingnotiserver.CrawlingNotiServerApplicationTests]: CrawlingNotiServerApplicationTests does not declare any static, non-private, non-final, nested classes annotated with @Configuration.
01:45:02.560 [Test worker] DEBUG org.springframework.test.context.support.ActiveProfilesUtils - Could not find an 'annotation declaring class' for annotation type [org.springframework.test.context.ActiveProfiles] and class [com.hackerground.crawlingnotiserver.CrawlingNotiServerApplicationTests]
01:45:02.586 [Test worker] DEBUG org.springframework.context.annotation.ClassPathScanningCandidateComponentProvider - Identified candidate component class: file [/Users/jeongchan-yeong/Documents/GitHub/httpsgithubcomjchyngHackerGround/CrawlingNotiServer/build/classes/java/main/com/hackerground/crawlingnotiserver/CrawlingNotiServerApplication.class]
01:45:02.586 [Test worker] INFO org.springframework.boot.test.context.SpringBootTestContextBootstrapper - Found @SpringBootConfiguration com.hackerground.crawlingnotiserver.CrawlingNotiServerApplication for test class com.hackerground.crawlingnotiserver.CrawlingNotiServerApplicationTests
01:45:02.622 [Test worker] DEBUG org.springframework.boot.test.context.SpringBootTestContextBootstrapper - @TestExecutionListeners is not present for class [com.hackerground.crawlingnotiserver.CrawlingNotiServerApplicationTests]: using defaults.
01:45:02.623 [Test worker] INFO org.springframework.boot.test.context.SpringBootTestContextBootstrapper - Loaded default TestExecutionListener class names from location [META-INF/spring.factories]: [org.springframework.boot.test.autoconfigure.restdocs.RestDocsTestExecutionListener, org.springframework.boot.test.autoconfigure.web.client.MockRestServiceServerResetTestExecutionListener, org.springframework.boot.test.autoconfigure.web.servlet.MockMvcPrintOnlyOnFailureTestExecutionListener, org.springframework.boot.test.autoconfigure.web.servlet.WebDriverTestExecutionListener, org.springframework.boot.test.autoconfigure.webservices.client.MockWebServiceServerTestExecutionListener, org.springframework.boot.test.mock.mockito.MockitoTestExecutionListener, org.springframework.boot.test.mock.mockito.ResetMocksTestExecutionListener, org.springframework.test.context.web.ServletTestExecutionListener, org.springframework.test.context.support.DirtiesContextBeforeModesTestExecutionListener, org.springframework.test.context.event.ApplicationEventsTestExecutionListener, org.springframework.test.context.support.DependencyInjectionTestExecutionListener, org.springframework.test.context.support.DirtiesContextTestExecutionListener, org.springframework.test.context.transaction.TransactionalTestExecutionListener, org.springframework.test.context.jdbc.SqlScriptsTestExecutionListener, org.springframework.test.context.event.EventPublishingTestExecutionListener]
01:45:02.629 [Test worker] INFO org.springframework.boot.test.context.SpringBootTestContextBootstrapper - Using TestExecutionListeners: [org.springframework.test.context.web.ServletTestExecutionListener@3d08f3f5, org.springframework.test.context.support.DirtiesContextBeforeModesTestExecutionListener@119f1f2a, org.springframework.test.context.event.ApplicationEventsTestExecutionListener@1a1da881, org.springframework.boot.test.mock.mockito.MockitoTestExecutionListener@5b970f7, org.springframework.boot.test.autoconfigure.SpringBootDependencyInjectionTestExecutionListener@7fd4acee, org.springframework.test.context.support.DirtiesContextTestExecutionListener@165b8a71, org.springframework.test.context.transaction.TransactionalTestExecutionListener@6175619b, org.springframework.test.context.jdbc.SqlScriptsTestExecutionListener@2f058b8a, org.springframework.test.context.event.EventPublishingTestExecutionListener@756cf158, org.springframework.boot.test.autoconfigure.restdocs.RestDocsTestExecutionListener@3f2ef586, org.springframework.boot.test.autoconfigure.web.client.MockRestServiceServerResetTestExecutionListener@751d3241, org.springframework.boot.test.autoconfigure.web.servlet.MockMvcPrintOnlyOnFailureTestExecutionListener@76c7beb3, org.springframework.boot.test.autoconfigure.web.servlet.WebDriverTestExecutionListener@64337702, org.springframework.boot.test.autoconfigure.webservices.client.MockWebServiceServerTestExecutionListener@2cf92cc7, org.springframework.boot.test.mock.mockito.ResetMocksTestExecutionListener@30ea8c23]
01:45:02.630 [Test worker] DEBUG org.springframework.test.context.support.AbstractDirtiesContextTestExecutionListener - Before test class: context [DefaultTestContext@70dd7e15 testClass = CrawlingNotiServerApplicationTests, testInstance = [null], testMethod = [null], testException = [null], mergedContextConfiguration = [WebMergedContextConfiguration@4a9f80d3 testClass = CrawlingNotiServerApplicationTests, locations = '{}', classes = '{class com.hackerground.crawlingnotiserver.CrawlingNotiServerApplication}', contextInitializerClasses = '[]', activeProfiles = '{}', propertySourceLocations = '{}', propertySourceProperties = '{org.springframework.boot.test.context.SpringBootTestContextBootstrapper=true}', contextCustomizers = set[org.springframework.boot.test.autoconfigure.actuate.metrics.MetricsExportContextCustomizerFactory$DisableMetricExportContextCustomizer@6a55299e, org.springframework.boot.test.autoconfigure.properties.PropertyMappingContextCustomizer@0, org.springframework.boot.test.autoconfigure.web.servlet.WebDriverContextCustomizerFactory$Customizer@4b14918a, org.springframework.boot.test.context.filter.ExcludeFilterContextCustomizer@6dee4f1b, org.springframework.boot.test.json.DuplicateJsonObjectContextCustomizerFactory$DuplicateJsonObjectContextCustomizer@134d26af, org.springframework.boot.test.mock.mockito.MockitoContextCustomizer@0, org.springframework.boot.test.web.client.TestRestTemplateContextCustomizer@5dcd8c7a, org.springframework.boot.test.web.reactive.server.WebTestClientContextCustomizer@8dbfffb, org.springframework.boot.test.context.SpringBootTestArgs@1, org.springframework.boot.test.context.SpringBootTestWebEnvironment@5acf93bb], resourceBasePath = 'src/main/webapp', contextLoader = 'org.springframework.boot.test.context.SpringBootContextLoader', parent = [null]], attributes = map['org.springframework.test.context.web.ServletTestExecutionListener.activateListener' -> true]], class annotated with @DirtiesContext [false] with mode [null].

  .   ____          _            __ _ _
 /\\ / ___'_ __ _ _(_)_ __  __ _ \ \ \ \
( ( )\___ | '_ | '_| | '_ \/ _` | \ \ \ \
 \\/  ___)| |_)| | | | | || (_| |  ) ) ) )
  '  |____| .__|_| |_|_| |_\__, | / / / /
 =========|_|==============|___/=/_/_/_/
 :: Spring Boot ::               (v2.7.12)

2023-06-22 01:45:02.770  INFO 15158 --- [    Test worker] c.h.c.CrawlingNotiServerApplicationTests : Starting CrawlingNotiServerApplicationTests using Java 17.0.6 on ChanYeong.local with PID 15158 (started by jeongchan-yeong in /Users/jeongchan-yeong/Documents/GitHub/httpsgithubcomjchyngHackerGround/CrawlingNotiServer)
2023-06-22 01:45:02.771  INFO 15158 --- [    Test worker] c.h.c.CrawlingNotiServerApplicationTests : No active profile set, falling back to 1 default profile: "default"
2023-06-22 01:45:03.025  INFO 15158 --- [    Test worker] .s.d.r.c.RepositoryConfigurationDelegate : Bootstrapping Spring Data JPA repositories in DEFAULT mode.
2023-06-22 01:45:03.095  INFO 15158 --- [    Test worker] .s.d.r.c.RepositoryConfigurationDelegate : Finished Spring Data repository scanning in 67 ms. Found 2 JPA repository interfaces.
2023-06-22 01:45:03.329  INFO 15158 --- [    Test worker] o.hibernate.jpa.internal.util.LogHelper  : HHH000204: Processing PersistenceUnitInfo [name: default]
2023-06-22 01:45:03.347  INFO 15158 --- [    Test worker] org.hibernate.Version                    : HHH000412: Hibernate ORM core version 5.6.15.Final
2023-06-22 01:45:03.410  INFO 15158 --- [    Test worker] o.hibernate.annotations.common.Version   : HCANN000001: Hibernate Commons Annotations {5.1.2.Final}
2023-06-22 01:45:03.451  INFO 15158 --- [    Test worker] com.zaxxer.hikari.HikariDataSource       : HikariPool-1 - Starting...
2023-06-22 01:45:03.732  INFO 15158 --- [    Test worker] com.zaxxer.hikari.HikariDataSource       : HikariPool-1 - Start completed.
2023-06-22 01:45:03.746  INFO 15158 --- [    Test worker] org.hibernate.dialect.Dialect            : HHH000400: Using dialect: org.hibernate.dialect.MySQL8Dialect
Hibernate: 
    
    drop table if exists DashAnnouncement
Hibernate: 
    
    drop table if exists DashSpace
Hibernate: 
    
    create table DashAnnouncement (
       projectId integer not null,
        dday varchar(255),
        dept varchar(255),
        kind varchar(255),
        link varchar(255),
        period varchar(255),
        target varchar(255),
        title varchar(255),
        primary key (projectId)
    ) engine=InnoDB
Hibernate: 
    
    create table DashSpace (
       id bigint not null auto_increment,
        dept varchar(255),
        emptySpace varchar(255),
        field varchar(255),
        infra varchar(255),
        location varchar(255),
        totalSpace varchar(255),
        primary key (id)
    ) engine=InnoDB
2023-06-22 01:45:04.117  INFO 15158 --- [    Test worker] o.h.e.t.j.p.i.JtaPlatformInitiator       : HHH000490: Using JtaPlatform implementation: [org.hibernate.engine.transaction.jta.platform.internal.NoJtaPlatform]
2023-06-22 01:45:04.124  INFO 15158 --- [    Test worker] j.LocalContainerEntityManagerFactoryBean : Initialized JPA EntityManagerFactory for persistence unit 'default'
2023-06-22 01:45:12.516  INFO 15158 --- [ null to remote] o.o.selenium.remote.ProtocolHandshake    : Detected dialect: W3C
2023-06-22 01:45:12.600  WARN 15158 --- [    Test worker] o.o.selenium.devtools.CdpVersionFinder   : Unable to find an exact match for CDP version 114, so returning the closest version found: 110
2023-06-22 01:45:12.600  INFO 15158 --- [    Test worker] o.o.selenium.devtools.CdpVersionFinder   : Found CDP implementation for version 114 of 110
2023-06-22 01:45:19.691  INFO 15158 --- [ null to remote] o.o.selenium.remote.ProtocolHandshake    : Detected dialect: W3C
2023-06-22 01:45:19.714  WARN 15158 --- [    Test worker] o.o.selenium.devtools.CdpVersionFinder   : Unable to find an exact match for CDP version 114, so returning the closest version found: 110
2023-06-22 01:45:19.714  INFO 15158 --- [    Test worker] o.o.selenium.devtools.CdpVersionFinder   : Found CDP implementation for version 114 of 110
2023-06-22 01:45:19.963  WARN 15158 --- [    Test worker] JpaBaseConfiguration$JpaWebConfiguration : spring.jpa.open-in-view is enabled by default. Therefore, database queries may be performed during view rendering. Explicitly configure spring.jpa.open-in-view to disable this warning
2023-06-22 01:45:20.244  INFO 15158 --- [    Test worker] c.h.c.CrawlingNotiServerApplicationTests : Started CrawlingNotiServerApplicationTests in 17.6 seconds (JVM running for 18.076)
]]></system-out>
  <system-err><![CDATA[Starting ChromeDriver 114.0.5735.90 (386bc09e8f4f2e025eddae123f36f6263096ae49-refs/branch-heads/5735@{#1052}) on port 61027
Only local connections are allowed.
Please see https://chromedriver.chromium.org/security-considerations for suggestions on keeping ChromeDriver safe.
ChromeDriver was started successfully.
Starting ChromeDriver 114.0.5735.90 (386bc09e8f4f2e025eddae123f36f6263096ae49-refs/branch-heads/5735@{#1052}) on port 51940
Only local connections are allowed.
Please see https://chromedriver.chromium.org/security-considerations for suggestions on keeping ChromeDriver safe.
ChromeDriver was started successfully.
]]></system-err>
</testsuite>
